<?xml version="1.0" encoding="UTF-8" ?>
<testsuite errors="0" skipped="0" tests="9" time="0.004" failures="0" name="org.asteriskjava.fastagi.internal.AgiReplyImplTest">
  <properties>
[...]
</properties>
  <testcase time="0" name="testBuildReply"/>
  <testcase time="0" name="testBuildReplyWithAdditionalAttribute"/>
  <testcase time="0" name="testBuildReplyWithMultipleAdditionalAttribute"/>
  <testcase time="0" name="testBuildReplyWithParenthesis"/>
  <testcase time="0" name="testBuildReplyWithAdditionalAttributeAndParenthesis"/>
  <testcase time="0" name="testBuildReplyInvalidOrUnknownCommand"/>
  <testcase time="0" name="testBuildReplyInvalidCommandSyntax"/>
  <testcase time="0" name="testBuildReplyInvalidCommandSyntaxWithOnlyUsage"/>
  <testcase time="0" name="testBuildReplyWithLeadingSpace"/>
</testsuite>