<?xml version="1.0" encoding="UTF-8" ?>
<testsuite errors="0" skipped="0" tests="21" time="3.982" failures="0" name="org.asteriskjava.manager.internal.ManagerConnectionImplTest">
  <properties>
[...]
</properties>
  <testcase time="0.008" name="testDefaultConstructor"/>
  <testcase time="0.002" name="testRegisterUserEventClass"/>
  <testcase time="0.198" name="testLogin"/>
  <testcase time="0.192" name="testLoginIncorrectKey"/>
  <testcase time="0" name="testLoginIOExceptionOnConnect"/>
  <testcase time="0.061" name="testLoginTimeoutOnConnect"/>
  <testcase time="0.261" name="testLoginTimeoutOnChallengeAction"/>
  <testcase time="0.021" name="testLogoffWhenConnected"/>
  <testcase time="0" name="testLogoffWhenNotConnected"/>
  <testcase time="0" name="testSendActionWithNullAction"/>
  <testcase time="0.001" name="testSendActionWhenNotConnected"/>
  <testcase time="0.021" name="testSendAction"/>
  <testcase time="0.201" name="testSendActionTimeout"/>
  <testcase time="0" name="testDispatchResponseUnexpectedResponse"/>
  <testcase time="0.001" name="testDispatchResponseMissingInternalActionId"/>
  <testcase time="0" name="testDispatchResponseNullActionId"/>
  <testcase time="0" name="testDispatchResponseNullResponse"/>
  <testcase time="1.001" name="testReconnect"/>
  <testcase time="1.001" name="testReconnectWithIOException"/>
  <testcase time="1" name="testReconnectWithTimeoutException"/>
  <testcase time="0.005" name="testDispatchEventWithMultipleEventHandlers"/>
</testsuite>